c:\users\lucasgm\desktop\input combos\debug\vc141.pdb
c:\users\lucasgm\desktop\input combos\debug\input combos.ilk
c:\users\lucasgm\desktop\input combos\debug\input combos.exe
c:\users\lucasgm\desktop\input combos\debug\input combos.pdb
c:\users\lucasgm\desktop\input combos\debug\sdl3 handout.res
c:\users\lucasgm\desktop\input combos\debug\application.obj
c:\users\lucasgm\desktop\input combos\debug\blueup.obj
c:\users\lucasgm\desktop\input combos\debug\box_medal.obj
c:\users\lucasgm\desktop\input combos\debug\box_powerup.obj
c:\users\lucasgm\desktop\input combos\debug\enemy.obj
c:\users\lucasgm\desktop\input combos\debug\enemy_mine.obj
c:\users\lucasgm\desktop\input combos\debug\enemy_train_locomotive.obj
c:\users\lucasgm\desktop\input combos\debug\globals.obj
c:\users\lucasgm\desktop\input combos\debug\main.obj
c:\users\lucasgm\desktop\input combos\debug\medals.obj
c:\users\lucasgm\desktop\input combos\debug\missileup.obj
c:\users\lucasgm\desktop\input combos\debug\moduleaudio_1.obj
c:\users\lucasgm\desktop\input combos\debug\moduleaudio_2.obj
c:\users\lucasgm\desktop\input combos\debug\modulecollision.obj
c:\users\lucasgm\desktop\input combos\debug\modulefadetoblack.obj
c:\users\lucasgm\desktop\input combos\debug\modulefonts.obj
c:\users\lucasgm\desktop\input combos\debug\modulegroundexplosion.obj
c:\users\lucasgm\desktop\input combos\debug\moduleinput.obj
c:\users\lucasgm\desktop\input combos\debug\modulemap1.obj
c:\users\lucasgm\desktop\input combos\debug\modulemap2.obj
c:\users\lucasgm\desktop\input combos\debug\moduleparticles.obj
c:\users\lucasgm\desktop\input combos\debug\moduleplayer.obj
c:\users\lucasgm\desktop\input combos\debug\moduleplayer2.obj
c:\users\lucasgm\desktop\input combos\debug\modulerender.obj
c:\users\lucasgm\desktop\input combos\debug\moduleshadows.obj
c:\users\lucasgm\desktop\input combos\debug\modulestageclear1.obj
c:\users\lucasgm\desktop\input combos\debug\moduletextures.obj
c:\users\lucasgm\desktop\input combos\debug\modulewelcomescreen.obj
c:\users\lucasgm\desktop\input combos\debug\modulewindow.obj
c:\users\lucasgm\desktop\input combos\debug\powerup.obj
c:\users\lucasgm\desktop\input combos\debug\redup.obj
c:\users\lucasgm\desktop\input combos\debug\moduleplayer.obj.enc
c:\users\lucasgm\desktop\input combos\debug\sdl3 handout.ilk
c:\users\lucasgm\desktop\input combos\debug\vc141.idb
c:\users\lucasgm\desktop\input combos\debug\sdl3 handout.pdb
c:\users\lucasgm\desktop\input combos\debug\input combos.tlog\cl.command.1.tlog
c:\users\lucasgm\desktop\input combos\debug\input combos.tlog\cl.write.1.tlog
c:\users\lucasgm\desktop\input combos\debug\input combos.tlog\link.command.1.tlog
c:\users\lucasgm\desktop\input combos\debug\input combos.tlog\link.read.1.tlog
c:\users\lucasgm\desktop\input combos\debug\input combos.tlog\link.write.1.tlog
c:\users\lucasgm\desktop\input combos\debug\input combos.tlog\rc.command.1.tlog
c:\users\lucasgm\desktop\input combos\debug\input combos.tlog\rc.read.1.tlog
c:\users\lucasgm\desktop\input combos\debug\input combos.tlog\rc.write.1.tlog
